<?xml version="1.0" encoding="UTF-8"?>
<!-- Generated by org.testng.reporters.JUnitReportReporter -->
<testsuite hostname="DESKTOP-055373R" failures="0" tests="1" name="loginpageassignment.pageobject" time="62.330" errors="0" timestamp="2023-01-18T16:30:57 IST" skipped="0">
  <testcase classname="loginpageassignment.pageobject" name="Clickbutton" time="62.330"/>
  <system-out/>
</testsuite> <!-- loginpageassignment.pageobject -->
