<?xml version="1.0" encoding="UTF-8"?>
<!-- Generated by org.testng.reporters.JUnitReportReporter -->
<testsuite hostname="DESKTOP-055373R" failures="0" tests="1" name="loginpageassignment.assignment" time="12.471" errors="0" timestamp="2023-01-18T16:26:10 IST" skipped="0">
  <testcase classname="loginpageassignment.assignment" name="Sortvalue" time="12.471"/>
  <system-out/>
</testsuite> <!-- loginpageassignment.assignment -->
